Using pre-set license
Built from '2022.3/staging' branch; Version is '2022.3.23f1 (dbb3f7c5b5c6) revision 14398455'; Using compiler version '192829333'; Build Type 'Release'
OS: 'Windows 11  (10.0.26090) 64bit Core' Language: 'en' Physical Memory: 16251 MB
BatchMode: 1, IsHumanControllingUs: 0, StartBugReporterOnCrash: 0, Is64bit: 1, IsPro: 1

COMMAND LINE ARGUMENTS:
C:\Program Files\Unity\Hub\Editor\2022.3.23f1\Editor\Unity.exe
-adb2
-batchMode
-noUpm
-name
AssetImportWorker2
-projectPath
C:/Users/jmaso/OneDrive/Documents/GitHub/ComputerGraphicsAssignment/computerGraphicsAssignment1
-logFile
Logs/AssetImportWorker2.log
-srvPort
65283
Successfully changed project path to: C:/Users/jmaso/OneDrive/Documents/GitHub/ComputerGraphicsAssignment/computerGraphicsAssignment1
C:/Users/jmaso/OneDrive/Documents/GitHub/ComputerGraphicsAssignment/computerGraphicsAssignment1
[UnityMemory] Configuration Parameters - Can be set up in boot.config
    "memorysetup-bucket-allocator-granularity=16"
    "memorysetup-bucket-allocator-bucket-count=8"
    "memorysetup-bucket-allocator-block-size=33554432"
    "memorysetup-bucket-allocator-block-count=8"
    "memorysetup-main-allocator-block-size=16777216"
    "memorysetup-thread-allocator-block-size=16777216"
    "memorysetup-gfx-main-allocator-block-size=16777216"
    "memorysetup-gfx-thread-allocator-block-size=16777216"
    "memorysetup-cache-allocator-block-size=4194304"
    "memorysetup-typetree-allocator-block-size=2097152"
    "memorysetup-profiler-bucket-allocator-granularity=16"
    "memorysetup-profiler-bucket-allocator-bucket-count=8"
    "memorysetup-profiler-bucket-allocator-block-size=33554432"
    "memorysetup-profiler-bucket-allocator-block-count=8"
    "memorysetup-profiler-allocator-block-size=16777216"
    "memorysetup-profiler-editor-allocator-block-size=1048576"
    "memorysetup-temp-allocator-size-main=16777216"
    "memorysetup-job-temp-allocator-block-size=2097152"
    "memorysetup-job-temp-allocator-block-size-background=1048576"
    "memorysetup-job-temp-allocator-reduction-small-platforms=262144"
    "memorysetup-allocator-temp-initial-block-size-main=262144"
    "memorysetup-allocator-temp-initial-block-size-worker=262144"
    "memorysetup-temp-allocator-size-background-worker=32768"
    "memorysetup-temp-allocator-size-job-worker=262144"
    "memorysetup-temp-allocator-size-preload-manager=33554432"
    "memorysetup-temp-allocator-size-nav-mesh-worker=65536"
    "memorysetup-temp-allocator-size-audio-worker=65536"
    "memorysetup-temp-allocator-size-cloud-worker=32768"
    "memorysetup-temp-allocator-size-gi-baking-worker=262144"
    "memorysetup-temp-allocator-size-gfx=262144"
Player connection [35404] Host "[IP] 192.168.2.78 [Port] 0 [Flags] 2 [Guid] 1267000429 [EditorId] 1267000429 [Version] 1048832 [Id] WindowsEditor(7,Jamie-laptop) [Debug] 1 [PackageName] WindowsEditor [ProjectName] Editor" joined multi-casting on [225.0.0.222:54997]...

Player connection [35404] Host "[IP] 192.168.2.78 [Port] 0 [Flags] 2 [Guid] 1267000429 [EditorId] 1267000429 [Version] 1048832 [Id] WindowsEditor(7,Jamie-laptop) [Debug] 1 [PackageName] WindowsEditor [ProjectName] Editor" joined alternative multi-casting on [225.0.0.222:34997]...

[Physics::Module] Initialized MultithreadedJobDispatcher with 11 workers.
Refreshing native plugins compatible for Editor in 14.50 ms, found 3 plugins.
Preloading 0 native plugins for Editor in 0.00 ms.
Initialize engine version: 2022.3.23f1 (dbb3f7c5b5c6)
[Subsystems] Discovering subsystems at path C:/Program Files/Unity/Hub/Editor/2022.3.23f1/Editor/Data/Resources/UnitySubsystems
[Subsystems] Discovering subsystems at path C:/Users/jmaso/OneDrive/Documents/GitHub/ComputerGraphicsAssignment/computerGraphicsAssignment1/Assets
GfxDevice: creating device client; threaded=0; jobified=0
Direct3D:
    Version:  Direct3D 11.0 [level 11.1]
    Renderer: NVIDIA GeForce RTX 2060 (ID=0x1f15)
    Vendor:   NVIDIA
    VRAM:     5955 MB
    Driver:   32.0.15.6603
Initialize mono
Mono path[0] = 'C:/Program Files/Unity/Hub/Editor/2022.3.23f1/Editor/Data/Managed'
Mono path[1] = 'C:/Program Files/Unity/Hub/Editor/2022.3.23f1/Editor/Data/MonoBleedingEdge/lib/mono/unityjit-win32'
Mono config path = 'C:/Program Files/Unity/Hub/Editor/2022.3.23f1/Editor/Data/MonoBleedingEdge/etc'
Using monoOptions --debugger-agent=transport=dt_socket,embedding=1,server=y,suspend=n,address=127.0.0.1:56724
Begin MonoManager ReloadAssembly
Registering precompiled unity dll's ...
Register platform support module: C:/Program Files/Unity/Hub/Editor/2022.3.23f1/Editor/Data/PlaybackEngines/WebGLSupport/UnityEditor.WebGL.Extensions.dll
Register platform support module: C:/Program Files/Unity/Hub/Editor/2022.3.23f1/Editor/Data/PlaybackEngines/WindowsStandaloneSupport/UnityEditor.WindowsStandalone.Extensions.dll
Registered in 0.021179 seconds.
- Loaded All Assemblies, in  0.542 seconds
Native extension for WindowsStandalone target not found
Native extension for WebGL target not found
Mono: successfully reloaded assembly
- Finished resetting the current domain, in  0.357 seconds
Domain Reload Profiling: 895ms
	BeginReloadAssembly (150ms)
		ExecutionOrderSort (0ms)
		DisableScriptedObjects (0ms)
		BackupInstance (0ms)
		ReleaseScriptingObjects (0ms)
		CreateAndSetChildDomain (1ms)
	RebuildCommonClasses (41ms)
	RebuildNativeTypeToScriptingClass (11ms)
	initialDomainReloadingComplete (120ms)
	LoadAllAssembliesAndSetupDomain (214ms)
		LoadAssemblies (147ms)
		RebuildTransferFunctionScriptingTraits (0ms)
		AnalyzeDomain (211ms)
			TypeCache.Refresh (209ms)
				TypeCache.ScanAssembly (185ms)
			ScanForSourceGeneratedMonoScriptInfo (0ms)
			ResolveRequiredComponents (1ms)
	FinalizeReload (358ms)
		ReleaseScriptCaches (0ms)
		RebuildScriptCaches (0ms)
		SetupLoadedEditorAssemblies (274ms)
			LogAssemblyErrors (0ms)
			InitializePlatformSupportModulesInManaged (15ms)
			SetLoadedEditorAssemblies (8ms)
			RefreshPlugins (0ms)
			BeforeProcessingInitializeOnLoad (3ms)
			ProcessInitializeOnLoadAttributes (189ms)
			ProcessInitializeOnLoadMethodAttributes (59ms)
			AfterProcessingInitializeOnLoad (0ms)
			EditorAssembliesLoaded (0ms)
		ExecutionOrderSort2 (0ms)
		AwakeInstancesAfterBackupRestoration (0ms)
========================================================================
Worker process is ready to serve import requests
Begin MonoManager ReloadAssembly
- Loaded All Assemblies, in  0.786 seconds
Refreshing native plugins compatible for Editor in 5.06 ms, found 3 plugins.
Native extension for WindowsStandalone target not found
Native extension for WebGL target not found
Package Manager log level set to [2]
[Package Manager] Server::EnsureServerProcessIsRunning -- launch failed, reason: Unity was launched with the -noUpm command-line argument
[Package Manager] UpmClient::Send -- Unable to send message (not connected to UPM process).
[Package Manager] Cannot connect to Unity Package Manager local server
Mono: successfully reloaded assembly
- Finished resetting the current domain, in  0.767 seconds
Domain Reload Profiling: 1546ms
	BeginReloadAssembly (161ms)
		ExecutionOrderSort (0ms)
		DisableScriptedObjects (6ms)
		BackupInstance (0ms)
		ReleaseScriptingObjects (0ms)
		CreateAndSetChildDomain (22ms)
	RebuildCommonClasses (37ms)
	RebuildNativeTypeToScriptingClass (11ms)
	initialDomainReloadingComplete (51ms)
	LoadAllAssembliesAndSetupDomain (518ms)
		LoadAssemblies (378ms)
		RebuildTransferFunctionScriptingTraits (0ms)
		AnalyzeDomain (234ms)
			TypeCache.Refresh (204ms)
				TypeCache.ScanAssembly (188ms)
			ScanForSourceGeneratedMonoScriptInfo (20ms)
			ResolveRequiredComponents (8ms)
	FinalizeReload (768ms)
		ReleaseScriptCaches (0ms)
		RebuildScriptCaches (0ms)
		SetupLoadedEditorAssemblies (599ms)
			LogAssemblyErrors (0ms)
			InitializePlatformSupportModulesInManaged (10ms)
			SetLoadedEditorAssemblies (3ms)
			RefreshPlugins (0ms)
			BeforeProcessingInitializeOnLoad (79ms)
			ProcessInitializeOnLoadAttributes (424ms)
			ProcessInitializeOnLoadMethodAttributes (71ms)
			AfterProcessingInitializeOnLoad (14ms)
			EditorAssembliesLoaded (0ms)
		ExecutionOrderSort2 (0ms)
		AwakeInstancesAfterBackupRestoration (9ms)
Launched and connected shader compiler UnityShaderCompiler.exe after 0.06 seconds
Refreshing native plugins compatible for Editor in 5.28 ms, found 3 plugins.
Preloading 0 native plugins for Editor in 0.00 ms.
Unloading 4419 Unused Serialized files (Serialized files now loaded: 0)
Unloading 56 unused Assets / (416.7 KB). Loaded Objects now: 4882.
Memory consumption went from 166.0 MB to 165.6 MB.
Total: 4.348500 ms (FindLiveObjects: 0.410800 ms CreateObjectMapping: 0.334900 ms MarkObjects: 3.386500 ms  DeleteObjects: 0.215000 ms)

AssetImportParameters requested are different than current active one (requested -> active):
  custom:container-demuxer-ogg: 62fdf1f143b41e24485cea50d1cbac27 -> 
  custom:video-codec-MediaFoundation-h265: 746d11721c4dcdbdad8f713fa42b33f4 -> 
  custom:video-decoder-ogg-theora: a1e56fd34408186e4bbccfd4996cb3dc -> 
  custom:framework-win-MediaFoundation: 216162199b28c13a410421893ffa2e32 -> 
  custom:CustomObjectIndexerAttribute: 9a22284fe3817be447336de3de66b15e -> 
  custom:container-demuxer-webm: 4f35f7cbe854078d1ac9338744f61a02 -> 
  custom:container-muxer-webm: aa71ff27fc2769a1b78a27578f13a17b -> 
  custom:video-decoder-webm-vp8: 9c59270c3fd7afecdb556c50c9e8de78 -> 
  custom:SearchIndexIgnoredProperties: e643bd26f0fe6173181afceb89e7c659 -> 
  custom:AudioImporter_EditorPlatform: d09bf68614088b80899f8185d706f6e7 -> 
  custom:video-encoder-webm-vp8: eb34c28f22e8b96e1ab97ce403110664 -> 
  custom:audio-decoder-ogg-vorbis: bf7c407c2cedff20999df2af8eb42d56 -> 
  custom:audio-encoder-webm-vorbis: bf7c407c2cedff20999df2af8eb42d56 -> 
========================================================================
Received Import Request.
  Time since last request: 947405.803582 seconds.
  path: Assets/Shaders/Lava/Lava.shadergraph
  artifactKey: Guid(64701ee4db82d6943a954cf4450b5983) Importer(815301076,1909f56bfc062723c751e8b465ee728b)
Start importing Assets/Shaders/Lava/Lava.shadergraph using Guid(64701ee4db82d6943a954cf4450b5983) Importer(815301076,1909f56bfc062723c751e8b465ee728b)  -> (artifact id: '215983fedbe4de95487590d06a5d4451') in 1.119460 seconds
Number of updated asset objects reloaded before import = 1
Number of asset objects unloaded after import = 5
========================================================================
Received Import Request.
  Time since last request: 3.379619 seconds.
  path: Assets/Shaders/Lava/Lava.shadergraph
  artifactKey: Guid(64701ee4db82d6943a954cf4450b5983) Importer(815301076,1909f56bfc062723c751e8b465ee728b)
Start importing Assets/Shaders/Lava/Lava.shadergraph using Guid(64701ee4db82d6943a954cf4450b5983) Importer(815301076,1909f56bfc062723c751e8b465ee728b)  -> (artifact id: 'aa9b38c006bf62d64cca4e45000847ef') in 0.015637 seconds
Number of updated asset objects reloaded before import = 1
Number of asset objects unloaded after import = 5
========================================================================
Received Import Request.
  Time since last request: 11.288786 seconds.
  path: Assets/Shaders/EnhancedVisualEffects/EmberParticles/Unlit_EMberShader.mat
  artifactKey: Guid(24f90732c40a5174bb1608e042254fdc) Importer(815301076,1909f56bfc062723c751e8b465ee728b)
Start importing Assets/Shaders/EnhancedVisualEffects/EmberParticles/Unlit_EMberShader.mat using Guid(24f90732c40a5174bb1608e042254fdc) Importer(815301076,1909f56bfc062723c751e8b465ee728b)  -> (artifact id: '1c5e3e6a4b6764745786051c9054e371') in 0.012741 seconds
Number of updated asset objects reloaded before import = 0
Number of asset objects unloaded after import = 1
========================================================================
Received Import Request.
  Time since last request: 221.754736 seconds.
  path: Assets/Shaders/Lava/Lava.mat
  artifactKey: Guid(0ac60c121e9a07147930e1db2fe22215) Importer(815301076,1909f56bfc062723c751e8b465ee728b)
Start importing Assets/Shaders/Lava/Lava.mat using Guid(0ac60c121e9a07147930e1db2fe22215) Importer(815301076,1909f56bfc062723c751e8b465ee728b)  -> (artifact id: '2570d78796a7e0f612116190f9225eb5') in 0.454623 seconds
Number of updated asset objects reloaded before import = 0
Number of asset objects unloaded after import = 5
========================================================================
Received Import Request.
  Time since last request: 2.183352 seconds.
  path: Assets/Shaders/EnhancedVisualEffects
  artifactKey: Guid(fc35c82686710c549b690ef289da74f0) Importer(815301076,1909f56bfc062723c751e8b465ee728b)
Start importing Assets/Shaders/EnhancedVisualEffects using Guid(fc35c82686710c549b690ef289da74f0) Importer(815301076,1909f56bfc062723c751e8b465ee728b)  -> (artifact id: '111bc5c976cbfc79ff7610506eee6aa8') in 0.001400 seconds
Number of updated asset objects reloaded before import = 0
Number of asset objects unloaded after import = 0
========================================================================
Received Import Request.
  Time since last request: 1.026793 seconds.
  path: Assets/Shaders/EnhancedVisualEffects/EnhancedTrailShader
  artifactKey: Guid(27d260cdf04ff7744aa52af88e1d6175) Importer(815301076,1909f56bfc062723c751e8b465ee728b)
Start importing Assets/Shaders/EnhancedVisualEffects/EnhancedTrailShader using Guid(27d260cdf04ff7744aa52af88e1d6175) Importer(815301076,1909f56bfc062723c751e8b465ee728b)  -> (artifact id: '56d48780160ee98b2be18218189dd4a6') in 0.000701 seconds
Number of updated asset objects reloaded before import = 0
Number of asset objects unloaded after import = 0
========================================================================
Received Import Request.
  Time since last request: 0.064667 seconds.
  path: Assets/Shaders/EnhancedVisualEffects/EnhancedTrailShader/Custom_EnhancedTrailEffect.mat
  artifactKey: Guid(b82ae4db771d3024bb14ea24d1e10cbf) Importer(815301076,1909f56bfc062723c751e8b465ee728b)
Start importing Assets/Shaders/EnhancedVisualEffects/EnhancedTrailShader/Custom_EnhancedTrailEffect.mat using Guid(b82ae4db771d3024bb14ea24d1e10cbf) Importer(815301076,1909f56bfc062723c751e8b465ee728b)  -> (artifact id: 'a659389b37c6ee89035b8a504aeeb74e') in 0.018796 seconds
Number of updated asset objects reloaded before import = 0
Number of asset objects unloaded after import = 2
========================================================================
Received Import Request.
  Time since last request: 0.729991 seconds.
  path: Assets/Shaders/EnhancedVisualEffects/EnhancedTrailShader/EnhancedTrailEffect.shader
  artifactKey: Guid(3d2b122c49ab8714893956629cf52290) Importer(815301076,1909f56bfc062723c751e8b465ee728b)
Start importing Assets/Shaders/EnhancedVisualEffects/EnhancedTrailShader/EnhancedTrailEffect.shader using Guid(3d2b122c49ab8714893956629cf52290) Importer(815301076,1909f56bfc062723c751e8b465ee728b)  -> (artifact id: 'c4e12cdb9cd555fc33feb93279df33dc') in 0.001077 seconds
Number of updated asset objects reloaded before import = 0
Number of asset objects unloaded after import = 0
========================================================================
Received Import Request.
  Time since last request: 281.942275 seconds.
  path: Assets/Shaders/colourCorrectionShaders
  artifactKey: Guid(91a00b1544b3181439e0d98d92b5b661) Importer(815301076,1909f56bfc062723c751e8b465ee728b)
Start importing Assets/Shaders/colourCorrectionShaders using Guid(91a00b1544b3181439e0d98d92b5b661) Importer(815301076,1909f56bfc062723c751e8b465ee728b)  -> (artifact id: 'ac2783fe863a141bd8f03222078ae1e4') in 0.001266 seconds
Number of updated asset objects reloaded before import = 0
Number of asset objects unloaded after import = 0
========================================================================
Received Import Request.
  Time since last request: 0.062376 seconds.
  path: Assets/Shaders/colourCorrectionShaders/colorGrade.png
  artifactKey: Guid(72e539f3773ce2b4ba577c3034f9a8cf) Importer(815301076,1909f56bfc062723c751e8b465ee728b)
Start importing Assets/Shaders/colourCorrectionShaders/colorGrade.png using Guid(72e539f3773ce2b4ba577c3034f9a8cf) Importer(815301076,1909f56bfc062723c751e8b465ee728b)  -> (artifact id: 'f1f92ef655405dbe73618fa6287d6591') in 0.045030 seconds
Number of updated asset objects reloaded before import = 0
Number of asset objects unloaded after import = 2
========================================================================
Received Import Request.
  Time since last request: 7.948121 seconds.
  path: Assets/Shaders/StandardMaterialsAndShaders
  artifactKey: Guid(bafe07cfefca0764789ad0e0a7cdbdff) Importer(815301076,1909f56bfc062723c751e8b465ee728b)
Start importing Assets/Shaders/StandardMaterialsAndShaders using Guid(bafe07cfefca0764789ad0e0a7cdbdff) Importer(815301076,1909f56bfc062723c751e8b465ee728b)  -> (artifact id: '28084db59ee6ecca3d6dc1c468adf096') in 0.006033 seconds
Number of updated asset objects reloaded before import = 0
Number of asset objects unloaded after import = 0
========================================================================
Received Import Request.
  Time since last request: 8.382345 seconds.
  path: Assets/Shaders/StandardMaterialsAndShaders/Shaders
  artifactKey: Guid(1fcb11755c4edfc45bb5c031dfee2497) Importer(815301076,1909f56bfc062723c751e8b465ee728b)
Start importing Assets/Shaders/StandardMaterialsAndShaders/Shaders using Guid(1fcb11755c4edfc45bb5c031dfee2497) Importer(815301076,1909f56bfc062723c751e8b465ee728b)  -> (artifact id: 'f25d14215e5c28b825f7f735bc5147e5') in 0.001140 seconds
Number of updated asset objects reloaded before import = 0
Number of asset objects unloaded after import = 0
========================================================================
Received Import Request.
  Time since last request: 0.059595 seconds.
  path: Assets/Shaders/StandardMaterialsAndShaders/Shaders/RimLightingSurfaceShaderDiagram.png
  artifactKey: Guid(d5b341ea2fd4d9a4fa035fb9fb05fd9e) Importer(815301076,1909f56bfc062723c751e8b465ee728b)
Start importing Assets/Shaders/StandardMaterialsAndShaders/Shaders/RimLightingSurfaceShaderDiagram.png using Guid(d5b341ea2fd4d9a4fa035fb9fb05fd9e) Importer(815301076,1909f56bfc062723c751e8b465ee728b)  -> (artifact id: 'ba7846bfa85d95257d9e20e008a9e6a3') in 0.012722 seconds
Number of updated asset objects reloaded before import = 0
Number of asset objects unloaded after import = 2
========================================================================
Received Import Request.
  Time since last request: 0.000059 seconds.
  path: Assets/Shaders/StandardMaterialsAndShaders/Shaders/ShaderMetallicCombineLightingDiagram.png
  artifactKey: Guid(6e774444a5472924a8e721bdbedb538a) Importer(815301076,1909f56bfc062723c751e8b465ee728b)
Start importing Assets/Shaders/StandardMaterialsAndShaders/Shaders/ShaderMetallicCombineLightingDiagram.png using Guid(6e774444a5472924a8e721bdbedb538a) Importer(815301076,1909f56bfc062723c751e8b465ee728b)  -> (artifact id: 'd6b56664b6a0ffb04bfe1222def2a9d1') in 0.012424 seconds
Number of updated asset objects reloaded before import = 0
Number of asset objects unloaded after import = 2
========================================================================
Received Import Request.
  Time since last request: 4.308400 seconds.
  path: Assets/Shaders/StandardMaterialsAndShaders/Shaders/GlobalIlluminationShader.shader
  artifactKey: Guid(ccc469da1f87a564b8c979609c8bd85d) Importer(815301076,1909f56bfc062723c751e8b465ee728b)
Start importing Assets/Shaders/StandardMaterialsAndShaders/Shaders/GlobalIlluminationShader.shader using Guid(ccc469da1f87a564b8c979609c8bd85d) Importer(815301076,1909f56bfc062723c751e8b465ee728b)  -> (artifact id: '3a9debcf8d5b2743c4b340dfe75365c3') in 0.001179 seconds
Number of updated asset objects reloaded before import = 0
Number of asset objects unloaded after import = 0
========================================================================
Received Import Request.
  Time since last request: 24.199285 seconds.
  path: Assets/Scripts
  artifactKey: Guid(a2b52e8e309a3904cbb8fd1650674117) Importer(815301076,1909f56bfc062723c751e8b465ee728b)
Start importing Assets/Scripts using Guid(a2b52e8e309a3904cbb8fd1650674117) Importer(815301076,1909f56bfc062723c751e8b465ee728b)  -> (artifact id: '330f4a88167b4988db31074b740d7e59') in 0.006810 seconds
Number of updated asset objects reloaded before import = 0
Number of asset objects unloaded after import = 0
========================================================================
Received Import Request.
  Time since last request: 14.526512 seconds.
  path: Assets/Scripts/IlluminationCorrectionShader.cs
  artifactKey: Guid(1dcf3c7980f690242b1c0a1c5602c10a) Importer(815301076,1909f56bfc062723c751e8b465ee728b)
Start importing Assets/Scripts/IlluminationCorrectionShader.cs using Guid(1dcf3c7980f690242b1c0a1c5602c10a) Importer(815301076,1909f56bfc062723c751e8b465ee728b)  -> (artifact id: '4a0ead1a9df1fa57607866fbca0f2eb5') in 0.001410 seconds
Number of updated asset objects reloaded before import = 0
Number of asset objects unloaded after import = 0
========================================================================
Received Import Request.
  Time since last request: 1.501932 seconds.
  path: Assets/Scripts/IlluminationCorrectionScript.cs
  artifactKey: Guid(5db3d0b08748f7b44b1d3e7183586f7b) Importer(815301076,1909f56bfc062723c751e8b465ee728b)
Start importing Assets/Scripts/IlluminationCorrectionScript.cs using Guid(5db3d0b08748f7b44b1d3e7183586f7b) Importer(815301076,1909f56bfc062723c751e8b465ee728b)  -> (artifact id: 'e4180e67204e29409deb44877c47c671') in 0.001091 seconds
Number of updated asset objects reloaded before import = 0
Number of asset objects unloaded after import = 0
========================================================================
Received Prepare
Begin MonoManager ReloadAssembly
- Loaded All Assemblies, in  0.988 seconds
Refreshing native plugins compatible for Editor in 10.72 ms, found 3 plugins.
Native extension for WindowsStandalone target not found
Native extension for WebGL target not found
[Package Manager] Server::EnsureServerProcessIsRunning -- launch failed, reason: Unity was launched with the -noUpm command-line argument
[Package Manager] UpmClient::Send -- Unable to send message (not connected to UPM process).
[Package Manager] Cannot connect to Unity Package Manager local server
Mono: successfully reloaded assembly
- Finished resetting the current domain, in  2.590 seconds
Domain Reload Profiling: 3570ms
	BeginReloadAssembly (334ms)
		ExecutionOrderSort (0ms)
		DisableScriptedObjects (6ms)
		BackupInstance (0ms)
		ReleaseScriptingObjects (0ms)
		CreateAndSetChildDomain (118ms)
	RebuildCommonClasses (71ms)
	RebuildNativeTypeToScriptingClass (14ms)
	initialDomainReloadingComplete (47ms)
	LoadAllAssembliesAndSetupDomain (513ms)
		LoadAssemblies (600ms)
		RebuildTransferFunctionScriptingTraits (0ms)
		AnalyzeDomain (54ms)
			TypeCache.Refresh (16ms)
				TypeCache.ScanAssembly (1ms)
			ScanForSourceGeneratedMonoScriptInfo (23ms)
			ResolveRequiredComponents (13ms)
	FinalizeReload (2590ms)
		ReleaseScriptCaches (0ms)
		RebuildScriptCaches (0ms)
		SetupLoadedEditorAssemblies (703ms)
			LogAssemblyErrors (0ms)
			InitializePlatformSupportModulesInManaged (14ms)
			SetLoadedEditorAssemblies (5ms)
			RefreshPlugins (0ms)
			BeforeProcessingInitializeOnLoad (105ms)
			ProcessInitializeOnLoadAttributes (496ms)
			ProcessInitializeOnLoadMethodAttributes (69ms)
			AfterProcessingInitializeOnLoad (14ms)
			EditorAssembliesLoaded (0ms)
		ExecutionOrderSort2 (0ms)
		AwakeInstancesAfterBackupRestoration (11ms)
Refreshing native plugins compatible for Editor in 7.68 ms, found 3 plugins.
Preloading 0 native plugins for Editor in 0.00 ms.
Unloading 4369 Unused Serialized files (Serialized files now loaded: 0)
Unloading 34 unused Assets / (389.2 KB). Loaded Objects now: 4939.
Memory consumption went from 161.5 MB to 161.1 MB.
Total: 5.529700 ms (FindLiveObjects: 0.356100 ms CreateObjectMapping: 0.413700 ms MarkObjects: 4.560000 ms  DeleteObjects: 0.198700 ms)

Prepare: number of updated asset objects reloaded= 0
AssetImportParameters requested are different than current active one (requested -> active):
  custom:container-demuxer-ogg: 62fdf1f143b41e24485cea50d1cbac27 -> 
  custom:video-codec-MediaFoundation-h265: 746d11721c4dcdbdad8f713fa42b33f4 -> 
  custom:video-decoder-ogg-theora: a1e56fd34408186e4bbccfd4996cb3dc -> 
  custom:framework-win-MediaFoundation: 216162199b28c13a410421893ffa2e32 -> 
  custom:CustomObjectIndexerAttribute: 9a22284fe3817be447336de3de66b15e -> 
  custom:container-demuxer-webm: 4f35f7cbe854078d1ac9338744f61a02 -> 
  custom:container-muxer-webm: aa71ff27fc2769a1b78a27578f13a17b -> 
  custom:video-decoder-webm-vp8: 9c59270c3fd7afecdb556c50c9e8de78 -> 
  custom:SearchIndexIgnoredProperties: e643bd26f0fe6173181afceb89e7c659 -> 
  custom:AudioImporter_EditorPlatform: d09bf68614088b80899f8185d706f6e7 -> 
  custom:video-encoder-webm-vp8: eb34c28f22e8b96e1ab97ce403110664 -> 
  custom:audio-decoder-ogg-vorbis: bf7c407c2cedff20999df2af8eb42d56 -> 
  custom:audio-encoder-webm-vorbis: bf7c407c2cedff20999df2af8eb42d56 -> 
========================================================================
Received Import Request.
  Time since last request: 972.817825 seconds.
  path: Assets/Shaders/Basketball/Basketball ball.mesh
  artifactKey: Guid(617af3db74c8f894185280ab868efd7e) Importer(815301076,1909f56bfc062723c751e8b465ee728b)
Start importing Assets/Shaders/Basketball/Basketball ball.mesh using Guid(617af3db74c8f894185280ab868efd7e) Importer(815301076,1909f56bfc062723c751e8b465ee728b)  -> (artifact id: '28b97dda6d482ea09224a978da85de3a') in 0.628380 seconds
Number of updated asset objects reloaded before import = 0
Number of asset objects unloaded after import = 2
========================================================================
Received Import Request.
  Time since last request: 0.000219 seconds.
  path: Assets/Shaders/Basketball/customBAsketBall.fbx
  artifactKey: Guid(694b44f90523da5459c198485df993a9) Importer(815301076,1909f56bfc062723c751e8b465ee728b)
Start importing Assets/Shaders/Basketball/customBAsketBall.fbx using Guid(694b44f90523da5459c198485df993a9) Importer(815301076,1909f56bfc062723c751e8b465ee728b)  -> (artifact id: '54e75565ee47e77fe215255840d1d8c5') in 0.081326 seconds
Number of updated asset objects reloaded before import = 0
Number of asset objects unloaded after import = 9
========================================================================
Received Import Request.
  Time since last request: 0.000054 seconds.
  path: Assets/Shaders/Basketball/trim.mat
  artifactKey: Guid(f0ae5b4421170f84fad80c5e7c39058c) Importer(815301076,1909f56bfc062723c751e8b465ee728b)
Start importing Assets/Shaders/Basketball/trim.mat using Guid(f0ae5b4421170f84fad80c5e7c39058c) Importer(815301076,1909f56bfc062723c751e8b465ee728b)  -> (artifact id: 'cb79622faa48d04f821b89c5c06e2000') in 0.313789 seconds
Number of updated asset objects reloaded before import = 0
Number of asset objects unloaded after import = 1
========================================================================
Received Import Request.
  Time since last request: 0.000031 seconds.
  path: Assets/Shaders/Basketball/BasketballNormal.png
  artifactKey: Guid(a4716b7f244de6342bdec82588eaee07) Importer(815301076,1909f56bfc062723c751e8b465ee728b)
Start importing Assets/Shaders/Basketball/BasketballNormal.png using Guid(a4716b7f244de6342bdec82588eaee07) Importer(815301076,1909f56bfc062723c751e8b465ee728b)  -> (artifact id: 'c0916ac657b4e5f6533dd5c5ab113496') in 0.077277 seconds
Number of updated asset objects reloaded before import = 0
Number of asset objects unloaded after import = 2
========================================================================
Received Import Request.
  Time since last request: 0.249318 seconds.
  path: Assets/Shaders/Basketball/Basketball.shader
  artifactKey: Guid(4300962d1652a1248b6afa1823ee8c7e) Importer(815301076,1909f56bfc062723c751e8b465ee728b)
Start importing Assets/Shaders/Basketball/Basketball.shader using Guid(4300962d1652a1248b6afa1823ee8c7e) Importer(815301076,1909f56bfc062723c751e8b465ee728b)  -> (artifact id: 'f0207eb738e70b1b08ae626172e5d702') in 0.002228 seconds
Number of updated asset objects reloaded before import = 0
Number of asset objects unloaded after import = 0
