Using pre-set license
Built from '2022.3/staging' branch; Version is '2022.3.23f1 (dbb3f7c5b5c6) revision 14398455'; Using compiler version '192829333'; Build Type 'Release'
OS: 'Windows 11  (10.0.26090) 64bit Core' Language: 'en' Physical Memory: 16251 MB
BatchMode: 1, IsHumanControllingUs: 0, StartBugReporterOnCrash: 0, Is64bit: 1, IsPro: 1

COMMAND LINE ARGUMENTS:
C:\Program Files\Unity\Hub\Editor\2022.3.23f1\Editor\Unity.exe
-adb2
-batchMode
-noUpm
-name
AssetImportWorker2
-projectPath
C:/Users/jmaso/OneDrive/Documents/GitHub/ComputerGraphicsAssignment/computerGraphicsAssignment1
-logFile
Logs/AssetImportWorker2.log
-srvPort
55945
Successfully changed project path to: C:/Users/jmaso/OneDrive/Documents/GitHub/ComputerGraphicsAssignment/computerGraphicsAssignment1
C:/Users/jmaso/OneDrive/Documents/GitHub/ComputerGraphicsAssignment/computerGraphicsAssignment1
[UnityMemory] Configuration Parameters - Can be set up in boot.config
    "memorysetup-bucket-allocator-granularity=16"
    "memorysetup-bucket-allocator-bucket-count=8"
    "memorysetup-bucket-allocator-block-size=33554432"
    "memorysetup-bucket-allocator-block-count=8"
    "memorysetup-main-allocator-block-size=16777216"
    "memorysetup-thread-allocator-block-size=16777216"
    "memorysetup-gfx-main-allocator-block-size=16777216"
    "memorysetup-gfx-thread-allocator-block-size=16777216"
    "memorysetup-cache-allocator-block-size=4194304"
    "memorysetup-typetree-allocator-block-size=2097152"
    "memorysetup-profiler-bucket-allocator-granularity=16"
    "memorysetup-profiler-bucket-allocator-bucket-count=8"
    "memorysetup-profiler-bucket-allocator-block-size=33554432"
    "memorysetup-profiler-bucket-allocator-block-count=8"
    "memorysetup-profiler-allocator-block-size=16777216"
    "memorysetup-profiler-editor-allocator-block-size=1048576"
    "memorysetup-temp-allocator-size-main=16777216"
    "memorysetup-job-temp-allocator-block-size=2097152"
    "memorysetup-job-temp-allocator-block-size-background=1048576"
    "memorysetup-job-temp-allocator-reduction-small-platforms=262144"
    "memorysetup-allocator-temp-initial-block-size-main=262144"
    "memorysetup-allocator-temp-initial-block-size-worker=262144"
    "memorysetup-temp-allocator-size-background-worker=32768"
    "memorysetup-temp-allocator-size-job-worker=262144"
    "memorysetup-temp-allocator-size-preload-manager=33554432"
    "memorysetup-temp-allocator-size-nav-mesh-worker=65536"
    "memorysetup-temp-allocator-size-audio-worker=65536"
    "memorysetup-temp-allocator-size-cloud-worker=32768"
    "memorysetup-temp-allocator-size-gi-baking-worker=262144"
    "memorysetup-temp-allocator-size-gfx=262144"
Player connection [32704] Host "[IP] 192.168.2.78 [Port] 0 [Flags] 2 [Guid] 3936269488 [EditorId] 3936269488 [Version] 1048832 [Id] WindowsEditor(7,Jamie-laptop) [Debug] 1 [PackageName] WindowsEditor [ProjectName] Editor" joined multi-casting on [225.0.0.222:54997]...

Player connection [32704] Host "[IP] 192.168.2.78 [Port] 0 [Flags] 2 [Guid] 3936269488 [EditorId] 3936269488 [Version] 1048832 [Id] WindowsEditor(7,Jamie-laptop) [Debug] 1 [PackageName] WindowsEditor [ProjectName] Editor" joined alternative multi-casting on [225.0.0.222:34997]...

[Physics::Module] Initialized MultithreadedJobDispatcher with 11 workers.
Refreshing native plugins compatible for Editor in 27.30 ms, found 3 plugins.
Preloading 0 native plugins for Editor in 0.00 ms.
Initialize engine version: 2022.3.23f1 (dbb3f7c5b5c6)
[Subsystems] Discovering subsystems at path C:/Program Files/Unity/Hub/Editor/2022.3.23f1/Editor/Data/Resources/UnitySubsystems
[Subsystems] Discovering subsystems at path C:/Users/jmaso/OneDrive/Documents/GitHub/ComputerGraphicsAssignment/computerGraphicsAssignment1/Assets
GfxDevice: creating device client; threaded=0; jobified=0
Direct3D:
    Version:  Direct3D 11.0 [level 11.1]
    Renderer: NVIDIA GeForce RTX 2060 (ID=0x1f15)
    Vendor:   NVIDIA
    VRAM:     5955 MB
    Driver:   32.0.15.6603
Initialize mono
Mono path[0] = 'C:/Program Files/Unity/Hub/Editor/2022.3.23f1/Editor/Data/Managed'
Mono path[1] = 'C:/Program Files/Unity/Hub/Editor/2022.3.23f1/Editor/Data/MonoBleedingEdge/lib/mono/unityjit-win32'
Mono config path = 'C:/Program Files/Unity/Hub/Editor/2022.3.23f1/Editor/Data/MonoBleedingEdge/etc'
Using monoOptions --debugger-agent=transport=dt_socket,embedding=1,server=y,suspend=n,address=127.0.0.1:56284
Begin MonoManager ReloadAssembly
Registering precompiled unity dll's ...
Register platform support module: C:/Program Files/Unity/Hub/Editor/2022.3.23f1/Editor/Data/PlaybackEngines/WebGLSupport/UnityEditor.WebGL.Extensions.dll
Register platform support module: C:/Program Files/Unity/Hub/Editor/2022.3.23f1/Editor/Data/PlaybackEngines/WindowsStandaloneSupport/UnityEditor.WindowsStandalone.Extensions.dll
Registered in 0.016625 seconds.
- Loaded All Assemblies, in  0.435 seconds
Native extension for WindowsStandalone target not found
Native extension for WebGL target not found
Mono: successfully reloaded assembly
- Finished resetting the current domain, in  0.273 seconds
Domain Reload Profiling: 704ms
	BeginReloadAssembly (159ms)
		ExecutionOrderSort (0ms)
		DisableScriptedObjects (0ms)
		BackupInstance (0ms)
		ReleaseScriptingObjects (0ms)
		CreateAndSetChildDomain (1ms)
	RebuildCommonClasses (36ms)
	RebuildNativeTypeToScriptingClass (10ms)
	initialDomainReloadingComplete (73ms)
	LoadAllAssembliesAndSetupDomain (153ms)
		LoadAssemblies (156ms)
		RebuildTransferFunctionScriptingTraits (0ms)
		AnalyzeDomain (151ms)
			TypeCache.Refresh (149ms)
				TypeCache.ScanAssembly (135ms)
			ScanForSourceGeneratedMonoScriptInfo (0ms)
			ResolveRequiredComponents (0ms)
	FinalizeReload (273ms)
		ReleaseScriptCaches (0ms)
		RebuildScriptCaches (0ms)
		SetupLoadedEditorAssemblies (216ms)
			LogAssemblyErrors (0ms)
			InitializePlatformSupportModulesInManaged (12ms)
			SetLoadedEditorAssemblies (5ms)
			RefreshPlugins (0ms)
			BeforeProcessingInitializeOnLoad (2ms)
			ProcessInitializeOnLoadAttributes (143ms)
			ProcessInitializeOnLoadMethodAttributes (53ms)
			AfterProcessingInitializeOnLoad (0ms)
			EditorAssembliesLoaded (0ms)
		ExecutionOrderSort2 (0ms)
		AwakeInstancesAfterBackupRestoration (0ms)
========================================================================
Worker process is ready to serve import requests
Begin MonoManager ReloadAssembly
- Loaded All Assemblies, in  0.831 seconds
Refreshing native plugins compatible for Editor in 5.61 ms, found 3 plugins.
Native extension for WindowsStandalone target not found
Native extension for WebGL target not found
Package Manager log level set to [2]
[Package Manager] Server::EnsureServerProcessIsRunning -- launch failed, reason: Unity was launched with the -noUpm command-line argument
[Package Manager] UpmClient::Send -- Unable to send message (not connected to UPM process).
[Package Manager] Cannot connect to Unity Package Manager local server
Mono: successfully reloaded assembly
- Finished resetting the current domain, in  0.722 seconds
Domain Reload Profiling: 1540ms
	BeginReloadAssembly (147ms)
		ExecutionOrderSort (0ms)
		DisableScriptedObjects (5ms)
		BackupInstance (0ms)
		ReleaseScriptingObjects (0ms)
		CreateAndSetChildDomain (19ms)
	RebuildCommonClasses (33ms)
	RebuildNativeTypeToScriptingClass (10ms)
	initialDomainReloadingComplete (45ms)
	LoadAllAssembliesAndSetupDomain (582ms)
		LoadAssemblies (451ms)
		RebuildTransferFunctionScriptingTraits (0ms)
		AnalyzeDomain (220ms)
			TypeCache.Refresh (191ms)
				TypeCache.ScanAssembly (174ms)
			ScanForSourceGeneratedMonoScriptInfo (20ms)
			ResolveRequiredComponents (7ms)
	FinalizeReload (723ms)
		ReleaseScriptCaches (0ms)
		RebuildScriptCaches (0ms)
		SetupLoadedEditorAssemblies (566ms)
			LogAssemblyErrors (0ms)
			InitializePlatformSupportModulesInManaged (9ms)
			SetLoadedEditorAssemblies (3ms)
			RefreshPlugins (0ms)
			BeforeProcessingInitializeOnLoad (71ms)
			ProcessInitializeOnLoadAttributes (400ms)
			ProcessInitializeOnLoadMethodAttributes (70ms)
			AfterProcessingInitializeOnLoad (14ms)
			EditorAssembliesLoaded (0ms)
		ExecutionOrderSort2 (0ms)
		AwakeInstancesAfterBackupRestoration (9ms)
Launched and connected shader compiler UnityShaderCompiler.exe after 0.09 seconds
Refreshing native plugins compatible for Editor in 5.77 ms, found 3 plugins.
Preloading 0 native plugins for Editor in 0.00 ms.
Unloading 4412 Unused Serialized files (Serialized files now loaded: 0)
Unloading 56 unused Assets / (419.3 KB). Loaded Objects now: 4879.
Memory consumption went from 237.5 MB to 237.1 MB.
Total: 4.158000 ms (FindLiveObjects: 0.346400 ms CreateObjectMapping: 0.360200 ms MarkObjects: 3.224000 ms  DeleteObjects: 0.226300 ms)

AssetImportParameters requested are different than current active one (requested -> active):
  custom:container-demuxer-ogg: 62fdf1f143b41e24485cea50d1cbac27 -> 
  custom:video-codec-MediaFoundation-h265: 746d11721c4dcdbdad8f713fa42b33f4 -> 
  custom:video-decoder-ogg-theora: a1e56fd34408186e4bbccfd4996cb3dc -> 
  custom:framework-win-MediaFoundation: 216162199b28c13a410421893ffa2e32 -> 
  custom:CustomObjectIndexerAttribute: 9a22284fe3817be447336de3de66b15e -> 
  custom:container-demuxer-webm: 4f35f7cbe854078d1ac9338744f61a02 -> 
  custom:container-muxer-webm: aa71ff27fc2769a1b78a27578f13a17b -> 
  custom:video-decoder-webm-vp8: 9c59270c3fd7afecdb556c50c9e8de78 -> 
  custom:SearchIndexIgnoredProperties: e643bd26f0fe6173181afceb89e7c659 -> 
  custom:AudioImporter_EditorPlatform: d09bf68614088b80899f8185d706f6e7 -> 
  custom:video-encoder-webm-vp8: eb34c28f22e8b96e1ab97ce403110664 -> 
  custom:audio-decoder-ogg-vorbis: bf7c407c2cedff20999df2af8eb42d56 -> 
  custom:audio-encoder-webm-vorbis: bf7c407c2cedff20999df2af8eb42d56 -> 
========================================================================
Received Import Request.
  Time since last request: 512888.585972 seconds.
  path: Assets/Lava/Lava.shadergraph
  artifactKey: Guid(64701ee4db82d6943a954cf4450b5983) Importer(815301076,1909f56bfc062723c751e8b465ee728b)
Start importing Assets/Lava/Lava.shadergraph using Guid(64701ee4db82d6943a954cf4450b5983) Importer(815301076,1909f56bfc062723c751e8b465ee728b)  -> (artifact id: '6864aa66608e052b08ccfa157cc054a0') in 0.869435 seconds
Number of updated asset objects reloaded before import = 1
Number of asset objects unloaded after import = 3
========================================================================
Received Import Request.
  Time since last request: 8.689562 seconds.
  path: Assets/Lava/Lava.mat
  artifactKey: Guid(0ac60c121e9a07147930e1db2fe22215) Importer(815301076,1909f56bfc062723c751e8b465ee728b)
Start importing Assets/Lava/Lava.mat using Guid(0ac60c121e9a07147930e1db2fe22215) Importer(815301076,1909f56bfc062723c751e8b465ee728b)  -> (artifact id: '8975cb4d81472d6c2620f7557244fc51') in 0.011890 seconds
Number of updated asset objects reloaded before import = 0
Number of asset objects unloaded after import = 3
========================================================================
Received Import Request.
  Time since last request: 31.276552 seconds.
  path: Assets/Lava/Lava.mat
  artifactKey: Guid(0ac60c121e9a07147930e1db2fe22215) Importer(815301076,1909f56bfc062723c751e8b465ee728b)
Start importing Assets/Lava/Lava.mat using Guid(0ac60c121e9a07147930e1db2fe22215) Importer(815301076,1909f56bfc062723c751e8b465ee728b)  -> (artifact id: '643d6c4a9a20121ed84fe571b24fcf6d') in 0.897824 seconds
Number of updated asset objects reloaded before import = 1
Number of asset objects unloaded after import = 3
========================================================================
Received Import Request.
  Time since last request: 343.238589 seconds.
  path: Assets/Lava/Lava.shadergraph
  artifactKey: Guid(64701ee4db82d6943a954cf4450b5983) Importer(815301076,1909f56bfc062723c751e8b465ee728b)
Start importing Assets/Lava/Lava.shadergraph using Guid(64701ee4db82d6943a954cf4450b5983) Importer(815301076,1909f56bfc062723c751e8b465ee728b)  -> (artifact id: '9451c50de3c0e3fe225c6c6c3f84bc59') in 0.942477 seconds
Number of updated asset objects reloaded before import = 1
Number of asset objects unloaded after import = 5
========================================================================
Received Import Request.
  Time since last request: 75.497927 seconds.
  path: Assets/Lava/Lava.shadergraph
  artifactKey: Guid(64701ee4db82d6943a954cf4450b5983) Importer(815301076,1909f56bfc062723c751e8b465ee728b)
Start importing Assets/Lava/Lava.shadergraph using Guid(64701ee4db82d6943a954cf4450b5983) Importer(815301076,1909f56bfc062723c751e8b465ee728b)  -> (artifact id: '4b384cf3103d1656bb4d730b1c8f0624') in 0.738705 seconds
Number of updated asset objects reloaded before import = 1
Number of asset objects unloaded after import = 7
========================================================================
Received Import Request.
  Time since last request: 137.183857 seconds.
  path: Assets/Shaders/StandardMaterialsAndShaders/Shaders/CombineLightingWithWrap.shader
  artifactKey: Guid(e775562e85b391a46b1abda063f4d202) Importer(815301076,1909f56bfc062723c751e8b465ee728b)
Start importing Assets/Shaders/StandardMaterialsAndShaders/Shaders/CombineLightingWithWrap.shader using Guid(e775562e85b391a46b1abda063f4d202) Importer(815301076,1909f56bfc062723c751e8b465ee728b)  -> (artifact id: 'd014a06a197319f3ecab3c771b53751a') in 0.002121 seconds
Number of updated asset objects reloaded before import = 0
Number of asset objects unloaded after import = 0
========================================================================
Received Prepare
Begin MonoManager ReloadAssembly
- Loaded All Assemblies, in  0.993 seconds
Refreshing native plugins compatible for Editor in 11.16 ms, found 3 plugins.
Native extension for WindowsStandalone target not found
Native extension for WebGL target not found
[Package Manager] Server::EnsureServerProcessIsRunning -- launch failed, reason: Unity was launched with the -noUpm command-line argument
[Package Manager] UpmClient::Send -- Unable to send message (not connected to UPM process).
[Package Manager] Cannot connect to Unity Package Manager local server
Mono: successfully reloaded assembly
- Finished resetting the current domain, in  3.340 seconds
Domain Reload Profiling: 4327ms
	BeginReloadAssembly (290ms)
		ExecutionOrderSort (0ms)
		DisableScriptedObjects (7ms)
		BackupInstance (0ms)
		ReleaseScriptingObjects (0ms)
		CreateAndSetChildDomain (104ms)
	RebuildCommonClasses (44ms)
	RebuildNativeTypeToScriptingClass (14ms)
	initialDomainReloadingComplete (59ms)
	LoadAllAssembliesAndSetupDomain (579ms)
		LoadAssemblies (663ms)
		RebuildTransferFunctionScriptingTraits (0ms)
		AnalyzeDomain (42ms)
			TypeCache.Refresh (19ms)
				TypeCache.ScanAssembly (0ms)
			ScanForSourceGeneratedMonoScriptInfo (1ms)
			ResolveRequiredComponents (18ms)
	FinalizeReload (3341ms)
		ReleaseScriptCaches (0ms)
		RebuildScriptCaches (0ms)
		SetupLoadedEditorAssemblies (969ms)
			LogAssemblyErrors (0ms)
			InitializePlatformSupportModulesInManaged (19ms)
			SetLoadedEditorAssemblies (6ms)
			RefreshPlugins (0ms)
			BeforeProcessingInitializeOnLoad (142ms)
			ProcessInitializeOnLoadAttributes (673ms)
			ProcessInitializeOnLoadMethodAttributes (108ms)
			AfterProcessingInitializeOnLoad (21ms)
			EditorAssembliesLoaded (0ms)
		ExecutionOrderSort2 (0ms)
		AwakeInstancesAfterBackupRestoration (15ms)
Refreshing native plugins compatible for Editor in 10.61 ms, found 3 plugins.
Preloading 0 native plugins for Editor in 0.00 ms.
Unloading 4366 Unused Serialized files (Serialized files now loaded: 0)
Unloading 32 unused Assets / (388.5 KB). Loaded Objects now: 4935.
Memory consumption went from 233.6 MB to 233.3 MB.
Total: 7.346700 ms (FindLiveObjects: 0.559600 ms CreateObjectMapping: 0.569600 ms MarkObjects: 6.003500 ms  DeleteObjects: 0.212600 ms)

Prepare: number of updated asset objects reloaded= 1
AssetImportParameters requested are different than current active one (requested -> active):
  custom:container-demuxer-ogg: 62fdf1f143b41e24485cea50d1cbac27 -> 
  custom:video-codec-MediaFoundation-h265: 746d11721c4dcdbdad8f713fa42b33f4 -> 
  custom:video-decoder-ogg-theora: a1e56fd34408186e4bbccfd4996cb3dc -> 
  custom:framework-win-MediaFoundation: 216162199b28c13a410421893ffa2e32 -> 
  custom:CustomObjectIndexerAttribute: 9a22284fe3817be447336de3de66b15e -> 
  custom:container-demuxer-webm: 4f35f7cbe854078d1ac9338744f61a02 -> 
  custom:container-muxer-webm: aa71ff27fc2769a1b78a27578f13a17b -> 
  custom:video-decoder-webm-vp8: 9c59270c3fd7afecdb556c50c9e8de78 -> 
  custom:SearchIndexIgnoredProperties: e643bd26f0fe6173181afceb89e7c659 -> 
  custom:AudioImporter_EditorPlatform: d09bf68614088b80899f8185d706f6e7 -> 
  custom:video-encoder-webm-vp8: eb34c28f22e8b96e1ab97ce403110664 -> 
  custom:audio-decoder-ogg-vorbis: bf7c407c2cedff20999df2af8eb42d56 -> 
  custom:audio-encoder-webm-vorbis: bf7c407c2cedff20999df2af8eb42d56 -> 
========================================================================
Received Prepare
Begin MonoManager ReloadAssembly
- Loaded All Assemblies, in  0.652 seconds
Refreshing native plugins compatible for Editor in 8.10 ms, found 3 plugins.
Native extension for WindowsStandalone target not found
Native extension for WebGL target not found
[Package Manager] Server::EnsureServerProcessIsRunning -- launch failed, reason: Unity was launched with the -noUpm command-line argument
[Package Manager] UpmClient::Send -- Unable to send message (not connected to UPM process).
[Package Manager] Cannot connect to Unity Package Manager local server
Mono: successfully reloaded assembly
- Finished resetting the current domain, in  1.946 seconds
Domain Reload Profiling: 2589ms
	BeginReloadAssembly (206ms)
		ExecutionOrderSort (0ms)
		DisableScriptedObjects (4ms)
		BackupInstance (0ms)
		ReleaseScriptingObjects (0ms)
		CreateAndSetChildDomain (43ms)
	RebuildCommonClasses (51ms)
	RebuildNativeTypeToScriptingClass (14ms)
	initialDomainReloadingComplete (46ms)
	LoadAllAssembliesAndSetupDomain (326ms)
		LoadAssemblies (421ms)
		RebuildTransferFunctionScriptingTraits (0ms)
		AnalyzeDomain (25ms)
			TypeCache.Refresh (12ms)
				TypeCache.ScanAssembly (0ms)
			ScanForSourceGeneratedMonoScriptInfo (0ms)
			ResolveRequiredComponents (11ms)
	FinalizeReload (1946ms)
		ReleaseScriptCaches (0ms)
		RebuildScriptCaches (0ms)
		SetupLoadedEditorAssemblies (743ms)
			LogAssemblyErrors (0ms)
			InitializePlatformSupportModulesInManaged (12ms)
			SetLoadedEditorAssemblies (4ms)
			RefreshPlugins (0ms)
			BeforeProcessingInitializeOnLoad (109ms)
			ProcessInitializeOnLoadAttributes (515ms)
			ProcessInitializeOnLoadMethodAttributes (87ms)
			AfterProcessingInitializeOnLoad (16ms)
			EditorAssembliesLoaded (0ms)
		ExecutionOrderSort2 (0ms)
		AwakeInstancesAfterBackupRestoration (11ms)
Refreshing native plugins compatible for Editor in 9.21 ms, found 3 plugins.
Preloading 0 native plugins for Editor in 0.00 ms.
Unloading 4367 Unused Serialized files (Serialized files now loaded: 0)
Unloading 32 unused Assets / (388.6 KB). Loaded Objects now: 4950.
Memory consumption went from 235.9 MB to 235.5 MB.
Total: 7.746700 ms (FindLiveObjects: 0.513300 ms CreateObjectMapping: 0.468300 ms MarkObjects: 5.727800 ms  DeleteObjects: 1.035700 ms)

Prepare: number of updated asset objects reloaded= 0
AssetImportParameters requested are different than current active one (requested -> active):
  custom:container-demuxer-ogg: 62fdf1f143b41e24485cea50d1cbac27 -> 
  custom:video-codec-MediaFoundation-h265: 746d11721c4dcdbdad8f713fa42b33f4 -> 
  custom:video-decoder-ogg-theora: a1e56fd34408186e4bbccfd4996cb3dc -> 
  custom:framework-win-MediaFoundation: 216162199b28c13a410421893ffa2e32 -> 
  custom:CustomObjectIndexerAttribute: 9a22284fe3817be447336de3de66b15e -> 
  custom:container-demuxer-webm: 4f35f7cbe854078d1ac9338744f61a02 -> 
  custom:container-muxer-webm: aa71ff27fc2769a1b78a27578f13a17b -> 
  custom:video-decoder-webm-vp8: 9c59270c3fd7afecdb556c50c9e8de78 -> 
  custom:SearchIndexIgnoredProperties: e643bd26f0fe6173181afceb89e7c659 -> 
  custom:AudioImporter_EditorPlatform: d09bf68614088b80899f8185d706f6e7 -> 
  custom:video-encoder-webm-vp8: eb34c28f22e8b96e1ab97ce403110664 -> 
  custom:audio-decoder-ogg-vorbis: bf7c407c2cedff20999df2af8eb42d56 -> 
  custom:audio-encoder-webm-vorbis: bf7c407c2cedff20999df2af8eb42d56 -> 
========================================================================
Received Prepare
Begin MonoManager ReloadAssembly
- Loaded All Assemblies, in  0.773 seconds
Refreshing native plugins compatible for Editor in 6.88 ms, found 3 plugins.
Native extension for WindowsStandalone target not found
Native extension for WebGL target not found
[Package Manager] Server::EnsureServerProcessIsRunning -- launch failed, reason: Unity was launched with the -noUpm command-line argument
[Package Manager] UpmClient::Send -- Unable to send message (not connected to UPM process).
[Package Manager] Cannot connect to Unity Package Manager local server
Mono: successfully reloaded assembly
- Finished resetting the current domain, in  3.463 seconds
Domain Reload Profiling: 4228ms
	BeginReloadAssembly (229ms)
		ExecutionOrderSort (0ms)
		DisableScriptedObjects (6ms)
		BackupInstance (0ms)
		ReleaseScriptingObjects (0ms)
		CreateAndSetChildDomain (49ms)
	RebuildCommonClasses (55ms)
	RebuildNativeTypeToScriptingClass (14ms)
	initialDomainReloadingComplete (49ms)
	LoadAllAssembliesAndSetupDomain (417ms)
		LoadAssemblies (504ms)
		RebuildTransferFunctionScriptingTraits (0ms)
		AnalyzeDomain (43ms)
			TypeCache.Refresh (13ms)
				TypeCache.ScanAssembly (1ms)
			ScanForSourceGeneratedMonoScriptInfo (17ms)
			ResolveRequiredComponents (10ms)
	FinalizeReload (3464ms)
		ReleaseScriptCaches (0ms)
		RebuildScriptCaches (0ms)
		SetupLoadedEditorAssemblies (729ms)
			LogAssemblyErrors (0ms)
			InitializePlatformSupportModulesInManaged (12ms)
			SetLoadedEditorAssemblies (3ms)
			RefreshPlugins (0ms)
			BeforeProcessingInitializeOnLoad (96ms)
			ProcessInitializeOnLoadAttributes (529ms)
			ProcessInitializeOnLoadMethodAttributes (73ms)
			AfterProcessingInitializeOnLoad (16ms)
			EditorAssembliesLoaded (0ms)
		ExecutionOrderSort2 (0ms)
		AwakeInstancesAfterBackupRestoration (11ms)
Refreshing native plugins compatible for Editor in 7.02 ms, found 3 plugins.
Preloading 0 native plugins for Editor in 0.00 ms.
Unloading 4366 Unused Serialized files (Serialized files now loaded: 0)
Unloading 33 unused Assets / (389.1 KB). Loaded Objects now: 4964.
Memory consumption went from 237.8 MB to 237.4 MB.
Total: 3.615900 ms (FindLiveObjects: 0.368000 ms CreateObjectMapping: 0.377000 ms MarkObjects: 2.753300 ms  DeleteObjects: 0.116600 ms)

Prepare: number of updated asset objects reloaded= 0
AssetImportParameters requested are different than current active one (requested -> active):
  custom:container-demuxer-ogg: 62fdf1f143b41e24485cea50d1cbac27 -> 
  custom:video-codec-MediaFoundation-h265: 746d11721c4dcdbdad8f713fa42b33f4 -> 
  custom:video-decoder-ogg-theora: a1e56fd34408186e4bbccfd4996cb3dc -> 
  custom:framework-win-MediaFoundation: 216162199b28c13a410421893ffa2e32 -> 
  custom:CustomObjectIndexerAttribute: 9a22284fe3817be447336de3de66b15e -> 
  custom:container-demuxer-webm: 4f35f7cbe854078d1ac9338744f61a02 -> 
  custom:container-muxer-webm: aa71ff27fc2769a1b78a27578f13a17b -> 
  custom:video-decoder-webm-vp8: 9c59270c3fd7afecdb556c50c9e8de78 -> 
  custom:SearchIndexIgnoredProperties: e643bd26f0fe6173181afceb89e7c659 -> 
  custom:AudioImporter_EditorPlatform: d09bf68614088b80899f8185d706f6e7 -> 
  custom:video-encoder-webm-vp8: eb34c28f22e8b96e1ab97ce403110664 -> 
  custom:audio-decoder-ogg-vorbis: bf7c407c2cedff20999df2af8eb42d56 -> 
  custom:audio-encoder-webm-vorbis: bf7c407c2cedff20999df2af8eb42d56 -> 
========================================================================
Received Prepare
Begin MonoManager ReloadAssembly
- Loaded All Assemblies, in  0.697 seconds
Refreshing native plugins compatible for Editor in 10.35 ms, found 3 plugins.
Native extension for WindowsStandalone target not found
Native extension for WebGL target not found
[Package Manager] Server::EnsureServerProcessIsRunning -- launch failed, reason: Unity was launched with the -noUpm command-line argument
[Package Manager] UpmClient::Send -- Unable to send message (not connected to UPM process).
[Package Manager] Cannot connect to Unity Package Manager local server
Mono: successfully reloaded assembly
- Finished resetting the current domain, in  2.411 seconds
Domain Reload Profiling: 3101ms
	BeginReloadAssembly (215ms)
		ExecutionOrderSort (0ms)
		DisableScriptedObjects (6ms)
		BackupInstance (0ms)
		ReleaseScriptingObjects (0ms)
		CreateAndSetChildDomain (55ms)
	RebuildCommonClasses (52ms)
	RebuildNativeTypeToScriptingClass (13ms)
	initialDomainReloadingComplete (46ms)
	LoadAllAssembliesAndSetupDomain (364ms)
		LoadAssemblies (445ms)
		RebuildTransferFunctionScriptingTraits (0ms)
		AnalyzeDomain (28ms)
			TypeCache.Refresh (11ms)
				TypeCache.ScanAssembly (0ms)
			ScanForSourceGeneratedMonoScriptInfo (0ms)
			ResolveRequiredComponents (14ms)
	FinalizeReload (2412ms)
		ReleaseScriptCaches (0ms)
		RebuildScriptCaches (0ms)
		SetupLoadedEditorAssemblies (953ms)
			LogAssemblyErrors (0ms)
			InitializePlatformSupportModulesInManaged (16ms)
			SetLoadedEditorAssemblies (6ms)
			RefreshPlugins (0ms)
			BeforeProcessingInitializeOnLoad (130ms)
			ProcessInitializeOnLoadAttributes (680ms)
			ProcessInitializeOnLoadMethodAttributes (99ms)
			AfterProcessingInitializeOnLoad (22ms)
			EditorAssembliesLoaded (0ms)
		ExecutionOrderSort2 (0ms)
		AwakeInstancesAfterBackupRestoration (13ms)
Refreshing native plugins compatible for Editor in 7.68 ms, found 3 plugins.
Preloading 0 native plugins for Editor in 0.00 ms.
Unloading 4366 Unused Serialized files (Serialized files now loaded: 0)
Unloading 32 unused Assets / (388.6 KB). Loaded Objects now: 4979.
Memory consumption went from 239.7 MB to 239.4 MB.
Total: 3.931200 ms (FindLiveObjects: 0.509000 ms CreateObjectMapping: 0.478200 ms MarkObjects: 2.789800 ms  DeleteObjects: 0.153100 ms)

Prepare: number of updated asset objects reloaded= 0
AssetImportParameters requested are different than current active one (requested -> active):
  custom:container-demuxer-ogg: 62fdf1f143b41e24485cea50d1cbac27 -> 
  custom:video-codec-MediaFoundation-h265: 746d11721c4dcdbdad8f713fa42b33f4 -> 
  custom:video-decoder-ogg-theora: a1e56fd34408186e4bbccfd4996cb3dc -> 
  custom:framework-win-MediaFoundation: 216162199b28c13a410421893ffa2e32 -> 
  custom:CustomObjectIndexerAttribute: 9a22284fe3817be447336de3de66b15e -> 
  custom:container-demuxer-webm: 4f35f7cbe854078d1ac9338744f61a02 -> 
  custom:container-muxer-webm: aa71ff27fc2769a1b78a27578f13a17b -> 
  custom:video-decoder-webm-vp8: 9c59270c3fd7afecdb556c50c9e8de78 -> 
  custom:SearchIndexIgnoredProperties: e643bd26f0fe6173181afceb89e7c659 -> 
  custom:AudioImporter_EditorPlatform: d09bf68614088b80899f8185d706f6e7 -> 
  custom:video-encoder-webm-vp8: eb34c28f22e8b96e1ab97ce403110664 -> 
  custom:audio-decoder-ogg-vorbis: bf7c407c2cedff20999df2af8eb42d56 -> 
  custom:audio-encoder-webm-vorbis: bf7c407c2cedff20999df2af8eb42d56 -> 
========================================================================
Received Prepare
Begin MonoManager ReloadAssembly
- Loaded All Assemblies, in  0.697 seconds
Refreshing native plugins compatible for Editor in 8.13 ms, found 3 plugins.
Native extension for WindowsStandalone target not found
Native extension for WebGL target not found
[Package Manager] Server::EnsureServerProcessIsRunning -- launch failed, reason: Unity was launched with the -noUpm command-line argument
[Package Manager] UpmClient::Send -- Unable to send message (not connected to UPM process).
[Package Manager] Cannot connect to Unity Package Manager local server
Mono: successfully reloaded assembly
- Finished resetting the current domain, in  2.131 seconds
Domain Reload Profiling: 2818ms
	BeginReloadAssembly (211ms)
		ExecutionOrderSort (0ms)
		DisableScriptedObjects (4ms)
		BackupInstance (0ms)
		ReleaseScriptingObjects (0ms)
		CreateAndSetChildDomain (49ms)
	RebuildCommonClasses (54ms)
	RebuildNativeTypeToScriptingClass (20ms)
	initialDomainReloadingComplete (52ms)
	LoadAllAssembliesAndSetupDomain (350ms)
		LoadAssemblies (446ms)
		RebuildTransferFunctionScriptingTraits (0ms)
		AnalyzeDomain (23ms)
			TypeCache.Refresh (7ms)
				TypeCache.ScanAssembly (0ms)
			ScanForSourceGeneratedMonoScriptInfo (0ms)
			ResolveRequiredComponents (11ms)
	FinalizeReload (2132ms)
		ReleaseScriptCaches (0ms)
		RebuildScriptCaches (0ms)
		SetupLoadedEditorAssemblies (861ms)
			LogAssemblyErrors (0ms)
			InitializePlatformSupportModulesInManaged (14ms)
			SetLoadedEditorAssemblies (5ms)
			RefreshPlugins (0ms)
			BeforeProcessingInitializeOnLoad (121ms)
			ProcessInitializeOnLoadAttributes (610ms)
			ProcessInitializeOnLoadMethodAttributes (90ms)
			AfterProcessingInitializeOnLoad (21ms)
			EditorAssembliesLoaded (0ms)
		ExecutionOrderSort2 (0ms)
		AwakeInstancesAfterBackupRestoration (14ms)
Refreshing native plugins compatible for Editor in 9.56 ms, found 3 plugins.
Preloading 0 native plugins for Editor in 0.00 ms.
Unloading 4366 Unused Serialized files (Serialized files now loaded: 0)
Unloading 32 unused Assets / (388.6 KB). Loaded Objects now: 4994.
Memory consumption went from 241.7 MB to 241.3 MB.
Total: 5.560100 ms (FindLiveObjects: 0.444000 ms CreateObjectMapping: 0.689700 ms MarkObjects: 4.229400 ms  DeleteObjects: 0.195700 ms)

Prepare: number of updated asset objects reloaded= 0
AssetImportParameters requested are different than current active one (requested -> active):
  custom:container-demuxer-ogg: 62fdf1f143b41e24485cea50d1cbac27 -> 
  custom:video-codec-MediaFoundation-h265: 746d11721c4dcdbdad8f713fa42b33f4 -> 
  custom:video-decoder-ogg-theora: a1e56fd34408186e4bbccfd4996cb3dc -> 
  custom:framework-win-MediaFoundation: 216162199b28c13a410421893ffa2e32 -> 
  custom:CustomObjectIndexerAttribute: 9a22284fe3817be447336de3de66b15e -> 
  custom:container-demuxer-webm: 4f35f7cbe854078d1ac9338744f61a02 -> 
  custom:container-muxer-webm: aa71ff27fc2769a1b78a27578f13a17b -> 
  custom:video-decoder-webm-vp8: 9c59270c3fd7afecdb556c50c9e8de78 -> 
  custom:SearchIndexIgnoredProperties: e643bd26f0fe6173181afceb89e7c659 -> 
  custom:AudioImporter_EditorPlatform: d09bf68614088b80899f8185d706f6e7 -> 
  custom:video-encoder-webm-vp8: eb34c28f22e8b96e1ab97ce403110664 -> 
  custom:audio-decoder-ogg-vorbis: bf7c407c2cedff20999df2af8eb42d56 -> 
  custom:audio-encoder-webm-vorbis: bf7c407c2cedff20999df2af8eb42d56 -> 
========================================================================
Received Import Request.
  Time since last request: 478.236411 seconds.
  path: Assets/Shaders/StandardMaterialsAndShaders/Materials/Custom_CombineLightingwithWrap.mat
  artifactKey: Guid(886562e4d88b4f741a668139aa08bca0) Importer(815301076,1909f56bfc062723c751e8b465ee728b)
Start importing Assets/Shaders/StandardMaterialsAndShaders/Materials/Custom_CombineLightingwithWrap.mat using Guid(886562e4d88b4f741a668139aa08bca0) Importer(815301076,1909f56bfc062723c751e8b465ee728b)  -> (artifact id: '7510abf3cafc35533e087dfb6e928ae5') in 0.172865 seconds
Number of updated asset objects reloaded before import = 0
Number of asset objects unloaded after import = 1
========================================================================
Received Import Request.
  Time since last request: 0.940421 seconds.
  path: Assets/Lens Flares/explosionPartice.mat
  artifactKey: Guid(447fcdee385a7b449a89e78184c9bf2f) Importer(815301076,1909f56bfc062723c751e8b465ee728b)
Start importing Assets/Lens Flares/explosionPartice.mat using Guid(447fcdee385a7b449a89e78184c9bf2f) Importer(815301076,1909f56bfc062723c751e8b465ee728b)  -> (artifact id: 'f2e9dfdab0cff3208bf8db7ae633802d') in 0.030590 seconds
Number of updated asset objects reloaded before import = 0
Number of asset objects unloaded after import = 2
========================================================================
Received Import Request.
  Time since last request: 0.000017 seconds.
  path: Assets/Shaders/PlayerMaterials/Player_Custom_CombineLightingwithWrap.mat
  artifactKey: Guid(05c4d05251436dc42b9485623d9775e2) Importer(815301076,1909f56bfc062723c751e8b465ee728b)
Start importing Assets/Shaders/PlayerMaterials/Player_Custom_CombineLightingwithWrap.mat using Guid(05c4d05251436dc42b9485623d9775e2) Importer(815301076,1909f56bfc062723c751e8b465ee728b)  -> (artifact id: '89fcf8545868486921b28ffc252d6be4') in 0.009684 seconds
Number of updated asset objects reloaded before import = 0
Number of asset objects unloaded after import = 1
========================================================================
Received Import Request.
  Time since last request: 6.295261 seconds.
  path: Assets/Lava/Lava.shadergraph
  artifactKey: Guid(64701ee4db82d6943a954cf4450b5983) Importer(815301076,1909f56bfc062723c751e8b465ee728b)
Start importing Assets/Lava/Lava.shadergraph using Guid(64701ee4db82d6943a954cf4450b5983) Importer(815301076,1909f56bfc062723c751e8b465ee728b)  -> (artifact id: '348e7e812169190316d355327e560a48') in 0.026082 seconds
Number of updated asset objects reloaded before import = 0
Number of asset objects unloaded after import = 5
========================================================================
Received Import Request.
  Time since last request: 642.952963 seconds.
  path: Assets/Lava/Lava.shadergraph
  artifactKey: Guid(64701ee4db82d6943a954cf4450b5983) Importer(815301076,1909f56bfc062723c751e8b465ee728b)
Start importing Assets/Lava/Lava.shadergraph using Guid(64701ee4db82d6943a954cf4450b5983) Importer(815301076,1909f56bfc062723c751e8b465ee728b)  -> (artifact id: '0f41ec6f03bc6f9de4fcdc27faf11e47') in 0.901933 seconds
Number of updated asset objects reloaded before import = 1
Number of asset objects unloaded after import = 5
========================================================================
Received Import Request.
  Time since last request: 21.098564 seconds.
  path: Assets/Lava/Lava.mat
  artifactKey: Guid(0ac60c121e9a07147930e1db2fe22215) Importer(815301076,1909f56bfc062723c751e8b465ee728b)
Start importing Assets/Lava/Lava.mat using Guid(0ac60c121e9a07147930e1db2fe22215) Importer(815301076,1909f56bfc062723c751e8b465ee728b)  -> (artifact id: '3230f97a902947a4db659939953e97d7') in 0.020514 seconds
Number of updated asset objects reloaded before import = 0
Number of asset objects unloaded after import = 5
========================================================================
Received Import Request.
  Time since last request: 119.611036 seconds.
  path: Assets/Lava/Lava 1.shadergraph
  artifactKey: Guid(71b5791846a04d34b8b8b0606f11af03) Importer(815301076,1909f56bfc062723c751e8b465ee728b)
Start importing Assets/Lava/Lava 1.shadergraph using Guid(71b5791846a04d34b8b8b0606f11af03) Importer(815301076,1909f56bfc062723c751e8b465ee728b)  -> (artifact id: 'c13053beffc624f04c462755d9f026f5') in 0.706464 seconds
Number of updated asset objects reloaded before import = 0
Number of asset objects unloaded after import = 6
========================================================================
Received Import Request.
  Time since last request: 16.561669 seconds.
  path: Assets/VolcanoRock.shadergraph
  artifactKey: Guid(4567d5d8fb82f914eaa1d167e7f75891) Importer(815301076,1909f56bfc062723c751e8b465ee728b)
Start importing Assets/VolcanoRock.shadergraph using Guid(4567d5d8fb82f914eaa1d167e7f75891) Importer(815301076,1909f56bfc062723c751e8b465ee728b)  -> (artifact id: 'fb64da9554dca32c06c69fa24c247d89') in 0.011372 seconds
Number of updated asset objects reloaded before import = 0
Number of asset objects unloaded after import = 2
========================================================================
Received Import Request.
  Time since last request: 130.304517 seconds.
  path: Assets/Shader Graphs_VolcanoRock.mat
  artifactKey: Guid(e87fea66148721942a00f7a1588d327d) Importer(815301076,1909f56bfc062723c751e8b465ee728b)
Start importing Assets/Shader Graphs_VolcanoRock.mat using Guid(e87fea66148721942a00f7a1588d327d) Importer(815301076,1909f56bfc062723c751e8b465ee728b)  -> (artifact id: '3a98382258c5360eb20d87b898b140b6') in 0.012133 seconds
Number of updated asset objects reloaded before import = 0
Number of asset objects unloaded after import = 2
========================================================================
Received Import Request.
  Time since last request: 16.263899 seconds.
  path: Assets/Shader Graphs_VolcanoRock.mat
  artifactKey: Guid(e87fea66148721942a00f7a1588d327d) Importer(815301076,1909f56bfc062723c751e8b465ee728b)
Start importing Assets/Shader Graphs_VolcanoRock.mat using Guid(e87fea66148721942a00f7a1588d327d) Importer(815301076,1909f56bfc062723c751e8b465ee728b)  -> (artifact id: 'e7c79b09bc0f3386feae19c4ab7edded') in 0.009010 seconds
Number of updated asset objects reloaded before import = 0
Number of asset objects unloaded after import = 2
========================================================================
Received Import Request.
  Time since last request: 845.546983 seconds.
  path: Assets/VolcanoRock.shadergraph
  artifactKey: Guid(4567d5d8fb82f914eaa1d167e7f75891) Importer(815301076,1909f56bfc062723c751e8b465ee728b)
Start importing Assets/VolcanoRock.shadergraph using Guid(4567d5d8fb82f914eaa1d167e7f75891) Importer(815301076,1909f56bfc062723c751e8b465ee728b)  -> (artifact id: '0127f1a5842d4ec0a86bdd290001ecf8') in 0.011513 seconds
Number of updated asset objects reloaded before import = 0
Number of asset objects unloaded after import = 2
========================================================================
Received Import Request.
  Time since last request: 4.542955 seconds.
  path: Assets/Shader Graphs_VolcanoRock.mat
  artifactKey: Guid(e87fea66148721942a00f7a1588d327d) Importer(815301076,1909f56bfc062723c751e8b465ee728b)
Start importing Assets/Shader Graphs_VolcanoRock.mat using Guid(e87fea66148721942a00f7a1588d327d) Importer(815301076,1909f56bfc062723c751e8b465ee728b)  -> (artifact id: 'e3ceccd9b41e837727deac3647a7a735') in 0.010695 seconds
Number of updated asset objects reloaded before import = 0
Number of asset objects unloaded after import = 1
========================================================================
Received Import Request.
  Time since last request: 23.799540 seconds.
  path: Assets/VolcanicRock.shader
  artifactKey: Guid(8e898641fbbd2b64eb382e682d1f8ae0) Importer(815301076,1909f56bfc062723c751e8b465ee728b)
Start importing Assets/VolcanicRock.shader using Guid(8e898641fbbd2b64eb382e682d1f8ae0) Importer(815301076,1909f56bfc062723c751e8b465ee728b)  -> (artifact id: '919343456e7e815509505389720d84a1') in 0.005389 seconds
Number of updated asset objects reloaded before import = 0
Number of asset objects unloaded after import = 1
========================================================================
Received Import Request.
  Time since last request: 300.645315 seconds.
  path: Assets/VolcanicRock.shader
  artifactKey: Guid(8e898641fbbd2b64eb382e682d1f8ae0) Importer(815301076,1909f56bfc062723c751e8b465ee728b)
Start importing Assets/VolcanicRock.shader using Guid(8e898641fbbd2b64eb382e682d1f8ae0) Importer(815301076,1909f56bfc062723c751e8b465ee728b)  -> (artifact id: '92803a7f742b97f36e2d553a904a7f2a') in 0.002497 seconds
Number of updated asset objects reloaded before import = 0
Number of asset objects unloaded after import = 1
========================================================================
Received Import Request.
  Time since last request: 44.022176 seconds.
  path: Assets/VolcanicRock.shader
  artifactKey: Guid(8e898641fbbd2b64eb382e682d1f8ae0) Importer(815301076,1909f56bfc062723c751e8b465ee728b)
Start importing Assets/VolcanicRock.shader using Guid(8e898641fbbd2b64eb382e682d1f8ae0) Importer(815301076,1909f56bfc062723c751e8b465ee728b)  -> (artifact id: '6fae19e719b3890f62600c33585823f7') in 0.003301 seconds
Number of updated asset objects reloaded before import = 0
Number of asset objects unloaded after import = 1
========================================================================
Received Import Request.
  Time since last request: 80.939462 seconds.
  path: Assets/VolcanicRock.shader
  artifactKey: Guid(8e898641fbbd2b64eb382e682d1f8ae0) Importer(815301076,1909f56bfc062723c751e8b465ee728b)
Start importing Assets/VolcanicRock.shader using Guid(8e898641fbbd2b64eb382e682d1f8ae0) Importer(815301076,1909f56bfc062723c751e8b465ee728b)  -> (artifact id: 'e8a0117bac5f3c667f45137a209d4e3f') in 0.002476 seconds
Number of updated asset objects reloaded before import = 0
Number of asset objects unloaded after import = 1
========================================================================
Received Import Request.
  Time since last request: 78.099537 seconds.
  path: Assets/VolcanicRock.shader
  artifactKey: Guid(8e898641fbbd2b64eb382e682d1f8ae0) Importer(815301076,1909f56bfc062723c751e8b465ee728b)
Start importing Assets/VolcanicRock.shader using Guid(8e898641fbbd2b64eb382e682d1f8ae0) Importer(815301076,1909f56bfc062723c751e8b465ee728b)  -> (artifact id: '01cc26d5c4172bd1ec996d830d2dd394') in 0.003473 seconds
Number of updated asset objects reloaded before import = 0
Number of asset objects unloaded after import = 1
========================================================================
Received Import Request.
  Time since last request: 164.620670 seconds.
  path: Assets/VolcanicRock.shader
  artifactKey: Guid(8e898641fbbd2b64eb382e682d1f8ae0) Importer(815301076,1909f56bfc062723c751e8b465ee728b)
Start importing Assets/VolcanicRock.shader using Guid(8e898641fbbd2b64eb382e682d1f8ae0) Importer(815301076,1909f56bfc062723c751e8b465ee728b)  -> (artifact id: 'acfc3b95178d5f984981f5dd71fa6ea8') in 0.006824 seconds
Number of updated asset objects reloaded before import = 0
Number of asset objects unloaded after import = 1
========================================================================
Received Import Request.
  Time since last request: 170.614002 seconds.
  path: Assets/Shaders/concrete_0031_ao_1k.jpg
  artifactKey: Guid(fbfc29263ae4ddf4184a673d7017bc40) Importer(815301076,1909f56bfc062723c751e8b465ee728b)
Start importing Assets/Shaders/concrete_0031_ao_1k.jpg using Guid(fbfc29263ae4ddf4184a673d7017bc40) Importer(815301076,1909f56bfc062723c751e8b465ee728b)  -> (artifact id: '4c43e6c9766470cbd75a3fb5b415affe') in 0.180462 seconds
Number of updated asset objects reloaded before import = 0
Number of asset objects unloaded after import = 2
========================================================================
Received Import Request.
  Time since last request: 0.000029 seconds.
  path: Assets/Shaders/concrete_0031_normal_opengl_1k.png
  artifactKey: Guid(b8167723bdda5bf4eb6d3779879e81c2) Importer(815301076,1909f56bfc062723c751e8b465ee728b)
Start importing Assets/Shaders/concrete_0031_normal_opengl_1k.png using Guid(b8167723bdda5bf4eb6d3779879e81c2) Importer(815301076,1909f56bfc062723c751e8b465ee728b)  -> (artifact id: '02c825a9d5985c2f235fbdf4d7205698') in 0.017879 seconds
Number of updated asset objects reloaded before import = 0
Number of asset objects unloaded after import = 2
========================================================================
Received Import Request.
  Time since last request: 0.000028 seconds.
  path: Assets/Shaders/concrete_0031_height_1k.png
  artifactKey: Guid(eb19f28fd716b1a428200e5d06868ec7) Importer(815301076,1909f56bfc062723c751e8b465ee728b)
Start importing Assets/Shaders/concrete_0031_height_1k.png using Guid(eb19f28fd716b1a428200e5d06868ec7) Importer(815301076,1909f56bfc062723c751e8b465ee728b)  -> (artifact id: '7d3ff7787a8ec86c6c7b3c1566b54af3') in 0.014542 seconds
Number of updated asset objects reloaded before import = 0
Number of asset objects unloaded after import = 2
========================================================================
Received Import Request.
  Time since last request: 0.000031 seconds.
  path: Assets/Shaders/concrete_0031_preview.jpg
  artifactKey: Guid(66b24784fb6493d489003b87aaa7b29f) Importer(815301076,1909f56bfc062723c751e8b465ee728b)
Start importing Assets/Shaders/concrete_0031_preview.jpg using Guid(66b24784fb6493d489003b87aaa7b29f) Importer(815301076,1909f56bfc062723c751e8b465ee728b)  -> (artifact id: '70eb0d01acaa3630ee21dff5ff894cc6') in 0.016419 seconds
Number of updated asset objects reloaded before import = 0
Number of asset objects unloaded after import = 2
========================================================================
Received Import Request.
  Time since last request: 10.370401 seconds.
  path: Assets/Shaders/concrete_0031_keywords.txt
  artifactKey: Guid(0150e2abe3a930b49995e0d59e149cfc) Importer(815301076,1909f56bfc062723c751e8b465ee728b)
Start importing Assets/Shaders/concrete_0031_keywords.txt using Guid(0150e2abe3a930b49995e0d59e149cfc) Importer(815301076,1909f56bfc062723c751e8b465ee728b)  -> (artifact id: 'b475a4ad306b19cf6ed4e5bccf3e2506') in 0.003093 seconds
Number of updated asset objects reloaded before import = 0
Number of asset objects unloaded after import = 1
========================================================================
Received Import Request.
  Time since last request: 0.463803 seconds.
  path: Assets/Shaders/concrete_0031_description.txt
  artifactKey: Guid(a272a4c4a2814ff4e831743e2d369900) Importer(815301076,1909f56bfc062723c751e8b465ee728b)
Start importing Assets/Shaders/concrete_0031_description.txt using Guid(a272a4c4a2814ff4e831743e2d369900) Importer(815301076,1909f56bfc062723c751e8b465ee728b)  -> (artifact id: '698e5c911efa00e74e284d35dfaf38fd') in 0.002210 seconds
Number of updated asset objects reloaded before import = 0
Number of asset objects unloaded after import = 1
========================================================================
Received Import Request.
  Time since last request: 136.682618 seconds.
  path: Assets/Shaders/VolcanicRock.mat
  artifactKey: Guid(7d8ae32ce7437cd459101cf359ec1a32) Importer(815301076,1909f56bfc062723c751e8b465ee728b)
Start importing Assets/Shaders/VolcanicRock.mat using Guid(7d8ae32ce7437cd459101cf359ec1a32) Importer(815301076,1909f56bfc062723c751e8b465ee728b)  -> (artifact id: 'f733280f6ebae0f3827728b90436f829') in 0.822130 seconds
Number of updated asset objects reloaded before import = 0
Number of asset objects unloaded after import = 2
========================================================================
Received Import Request.
  Time since last request: 31.965345 seconds.
  path: Assets/Shaders/ConcreteBricks.mat
  artifactKey: Guid(0abd4c7e46f210140a9444c1392a2a39) Importer(815301076,1909f56bfc062723c751e8b465ee728b)
Start importing Assets/Shaders/ConcreteBricks.mat using Guid(0abd4c7e46f210140a9444c1392a2a39) Importer(815301076,1909f56bfc062723c751e8b465ee728b)  -> (artifact id: '6168b0809a50e8e763f2e786cdc58e3a') in 0.013599 seconds
Number of updated asset objects reloaded before import = 0
Number of asset objects unloaded after import = 2
========================================================================
Received Import Request.
  Time since last request: 111.362484 seconds.
  path: Assets/Shaders/ConcreteBricks.mat
  artifactKey: Guid(0abd4c7e46f210140a9444c1392a2a39) Importer(815301076,1909f56bfc062723c751e8b465ee728b)
Start importing Assets/Shaders/ConcreteBricks.mat using Guid(0abd4c7e46f210140a9444c1392a2a39) Importer(815301076,1909f56bfc062723c751e8b465ee728b)  -> (artifact id: 'cb00314cb18c683b2c7426f605cbbce9') in 0.028851 seconds
Number of updated asset objects reloaded before import = 0
Number of asset objects unloaded after import = 6
========================================================================
Received Import Request.
  Time since last request: 0.000026 seconds.
  path: Assets/Shaders/VolcanicRock 1.shader
  artifactKey: Guid(91b7d323c42aa4a4181dd048b732e389) Importer(815301076,1909f56bfc062723c751e8b465ee728b)
Start importing Assets/Shaders/VolcanicRock 1.shader using Guid(91b7d323c42aa4a4181dd048b732e389) Importer(815301076,1909f56bfc062723c751e8b465ee728b)  -> (artifact id: '6f4e5013f75f22de493a3e739fe71947') in 0.003272 seconds
Number of updated asset objects reloaded before import = 0
Number of asset objects unloaded after import = 1
========================================================================
Received Import Request.
  Time since last request: 12.719196 seconds.
  path: Assets/Shaders/ConcreteBricks.shader
  artifactKey: Guid(91b7d323c42aa4a4181dd048b732e389) Importer(815301076,1909f56bfc062723c751e8b465ee728b)
Start importing Assets/Shaders/ConcreteBricks.shader using Guid(91b7d323c42aa4a4181dd048b732e389) Importer(815301076,1909f56bfc062723c751e8b465ee728b)  -> (artifact id: 'f4f5c372cf4489aa31c78f020f0cce8e') in 0.002463 seconds
Number of updated asset objects reloaded before import = 0
Number of asset objects unloaded after import = 1
========================================================================
Received Import Request.
  Time since last request: 35.893554 seconds.
  path: Assets/Shaders/ConcreteBricks.shader
  artifactKey: Guid(91b7d323c42aa4a4181dd048b732e389) Importer(815301076,1909f56bfc062723c751e8b465ee728b)
Start importing Assets/Shaders/ConcreteBricks.shader using Guid(91b7d323c42aa4a4181dd048b732e389) Importer(815301076,1909f56bfc062723c751e8b465ee728b)  -> (artifact id: '3a78a4ffc942de00024adb7cdc3a2467') in 0.005413 seconds
Number of updated asset objects reloaded before import = 0
Number of asset objects unloaded after import = 1
========================================================================
Received Import Request.
  Time since last request: 26.304635 seconds.
  path: Assets/Shaders/VolcanicRock 1.mat
  artifactKey: Guid(92f1e4375d23a124a8254e481ae3dd1d) Importer(815301076,1909f56bfc062723c751e8b465ee728b)
Start importing Assets/Shaders/VolcanicRock 1.mat using Guid(92f1e4375d23a124a8254e481ae3dd1d) Importer(815301076,1909f56bfc062723c751e8b465ee728b)  -> (artifact id: '5d68f41a3e463c51a1bb636e8a923712') in 0.014864 seconds
Number of updated asset objects reloaded before import = 0
Number of asset objects unloaded after import = 2
========================================================================
Received Import Request.
  Time since last request: 15.012994 seconds.
  path: Assets/Shaders/ConcreteBricks.mat
  artifactKey: Guid(0abd4c7e46f210140a9444c1392a2a39) Importer(815301076,1909f56bfc062723c751e8b465ee728b)
Start importing Assets/Shaders/ConcreteBricks.mat using Guid(0abd4c7e46f210140a9444c1392a2a39) Importer(815301076,1909f56bfc062723c751e8b465ee728b)  -> (artifact id: '05b6a3078a841b7d1fc918608ee8b2a9') in 0.214924 seconds
Number of updated asset objects reloaded before import = 0
Number of asset objects unloaded after import = 2
========================================================================
Received Import Request.
  Time since last request: 33.496041 seconds.
  path: Assets/Shaders/ConcreteBricks.mat
  artifactKey: Guid(0abd4c7e46f210140a9444c1392a2a39) Importer(815301076,1909f56bfc062723c751e8b465ee728b)
Start importing Assets/Shaders/ConcreteBricks.mat using Guid(0abd4c7e46f210140a9444c1392a2a39) Importer(815301076,1909f56bfc062723c751e8b465ee728b)  -> (artifact id: '70216712dc09fdfdf8393561500fa2e9') in 0.020613 seconds
Number of updated asset objects reloaded before import = 0
Number of asset objects unloaded after import = 6
========================================================================
Received Import Request.
  Time since last request: 16.796219 seconds.
  path: Assets/Shaders/concrete_0031_normal_directx_1k.png
  artifactKey: Guid(d5d8f24e95729a247a7ec7efb20d0bc7) Importer(815301076,1909f56bfc062723c751e8b465ee728b)
Start importing Assets/Shaders/concrete_0031_normal_directx_1k.png using Guid(d5d8f24e95729a247a7ec7efb20d0bc7) Importer(815301076,1909f56bfc062723c751e8b465ee728b)  -> (artifact id: '7a95e59442dcc23a5b73464bc59e8be8') in 0.034115 seconds
Number of updated asset objects reloaded before import = 0
Number of asset objects unloaded after import = 2
========================================================================
Received Import Request.
  Time since last request: 56.434805 seconds.
  path: Assets/Shaders/ConcreteBricks
  artifactKey: Guid(49226e15db9cbb644b53ad74576fe5d4) Importer(815301076,1909f56bfc062723c751e8b465ee728b)
Start importing Assets/Shaders/ConcreteBricks using Guid(49226e15db9cbb644b53ad74576fe5d4) Importer(815301076,1909f56bfc062723c751e8b465ee728b)  -> (artifact id: '568b7b682bd9bec5574ef8016a0bb208') in 0.001410 seconds
Number of updated asset objects reloaded before import = 0
Number of asset objects unloaded after import = 0
========================================================================
Received Import Request.
  Time since last request: 22.052536 seconds.
  path: Assets/Shaders/Basketball
  artifactKey: Guid(3ef67e73a82231c458e295446f2bc792) Importer(815301076,1909f56bfc062723c751e8b465ee728b)
Start importing Assets/Shaders/Basketball using Guid(3ef67e73a82231c458e295446f2bc792) Importer(815301076,1909f56bfc062723c751e8b465ee728b)  -> (artifact id: 'b811b6dd8ca33caadb55580347097c0d') in 0.001046 seconds
Number of updated asset objects reloaded before import = 0
Number of asset objects unloaded after import = 0
========================================================================
Received Import Request.
  Time since last request: 185.975233 seconds.
  path: Assets/Shaders/volcanic-rock1-albedo.png
  artifactKey: Guid(279a049a2b4ef8c4fba0c763c048aca9) Importer(815301076,1909f56bfc062723c751e8b465ee728b)
Start importing Assets/Shaders/volcanic-rock1-albedo.png using Guid(279a049a2b4ef8c4fba0c763c048aca9) Importer(815301076,1909f56bfc062723c751e8b465ee728b)  -> (artifact id: 'faade46e1c9fadd7189025cba85dba11') in 0.050071 seconds
Number of updated asset objects reloaded before import = 0
Number of asset objects unloaded after import = 2
========================================================================
Received Import Request.
  Time since last request: 0.000031 seconds.
  path: Assets/Shaders/volcanic-rock1-normal-ogl.png
  artifactKey: Guid(22b35c7f66a73334089cc66aac89d099) Importer(815301076,1909f56bfc062723c751e8b465ee728b)
Start importing Assets/Shaders/volcanic-rock1-normal-ogl.png using Guid(22b35c7f66a73334089cc66aac89d099) Importer(815301076,1909f56bfc062723c751e8b465ee728b)  -> (artifact id: '513f8069865a6802e89184990a71ed87') in 0.015405 seconds
Number of updated asset objects reloaded before import = 0
Number of asset objects unloaded after import = 2
========================================================================
Received Import Request.
  Time since last request: 0.000039 seconds.
  path: Assets/Shaders/volcanic-rock1-height.png
  artifactKey: Guid(86dcca0af7d177143b0954d8a10be5b4) Importer(815301076,1909f56bfc062723c751e8b465ee728b)
Start importing Assets/Shaders/volcanic-rock1-height.png using Guid(86dcca0af7d177143b0954d8a10be5b4) Importer(815301076,1909f56bfc062723c751e8b465ee728b)  -> (artifact id: 'b11321787685b19e62d4f06b589f1db3') in 0.018448 seconds
Number of updated asset objects reloaded before import = 0
Number of asset objects unloaded after import = 2
========================================================================
Received Import Request.
  Time since last request: 0.000048 seconds.
  path: Assets/Shaders/volcanic-rock1-preview.jpg
  artifactKey: Guid(db5d6cdcbd631664a853cad1f3f2d9f6) Importer(815301076,1909f56bfc062723c751e8b465ee728b)
Start importing Assets/Shaders/volcanic-rock1-preview.jpg using Guid(db5d6cdcbd631664a853cad1f3f2d9f6) Importer(815301076,1909f56bfc062723c751e8b465ee728b)  -> (artifact id: '43a06e30e5c263033462c869279afa0a') in 0.016824 seconds
Number of updated asset objects reloaded before import = 0
Number of asset objects unloaded after import = 2
Editor requested this worker to shutdown with reason: Scaling down because of idle timeout
TcpMessagingSession - receive error: operation aborted. errorcode: 995, details: The I/O operation has been aborted because of either a thread exit or an application request.
AssetImportWorker is now disconnected from the server
Process exiting
Exiting without the bug reporter. Application will terminate with return code 0